2023-12-27T10:23:39.162+01:00  INFO 21524 --- [restartedMain] c.luv2code.frontend.FrontendApplication  : Starting FrontendApplication using Java 21.0.1 with PID 21524 (C:\my\corsi\dev-spring-boot\08-spring-boot-spring-mvc-security\projects\spring-boot-crud\frontend\target\classes started by gimmi.tiozzo in C:\my\corsi\dev-spring-boot\08-spring-boot-spring-mvc-security\projects\spring-boot-crud\frontend)
2023-12-27T10:23:39.163+01:00  INFO 21524 --- [restartedMain] c.luv2code.frontend.FrontendApplication  : No active profile set, falling back to 1 default profile: "default"
2023-12-27T10:23:39.199+01:00  INFO 21524 --- [restartedMain] .e.DevToolsPropertyDefaultsPostProcessor : Devtools property defaults active! Set 'spring.devtools.add-properties' to 'false' to disable
2023-12-27T10:23:39.204+01:00  INFO 21524 --- [restartedMain] .e.DevToolsPropertyDefaultsPostProcessor : For additional web related logging consider setting the 'logging.level.web' property to 'DEBUG'
2023-12-27T10:23:40.095+01:00  INFO 21524 --- [restartedMain] .s.d.r.c.RepositoryConfigurationDelegate : Bootstrapping Spring Data JPA repositories in DEFAULT mode.
2023-12-27T10:23:40.120+01:00  INFO 21524 --- [restartedMain] .s.d.r.c.RepositoryConfigurationDelegate : Finished Spring Data repository scanning in 16 ms. Found 0 JPA repository interfaces.
2023-12-27T10:23:40.982+01:00  INFO 21524 --- [restartedMain] o.s.b.w.embedded.tomcat.TomcatWebServer  : Tomcat initialized with port 8080 (http)
2023-12-27T10:23:40.992+01:00  INFO 21524 --- [restartedMain] o.apache.catalina.core.StandardService   : Starting service [Tomcat]
2023-12-27T10:23:40.993+01:00  INFO 21524 --- [restartedMain] o.apache.catalina.core.StandardEngine    : Starting Servlet engine: [Apache Tomcat/10.1.17]
2023-12-27T10:23:41.038+01:00  INFO 21524 --- [restartedMain] o.a.c.c.C.[Tomcat].[localhost].[/]       : Initializing Spring embedded WebApplicationContext
2023-12-27T10:23:41.038+01:00  INFO 21524 --- [restartedMain] w.s.c.ServletWebServerApplicationContext : Root WebApplicationContext: initialization completed in 1834 ms
2023-12-27T10:23:41.396+01:00  INFO 21524 --- [restartedMain] com.zaxxer.hikari.HikariDataSource       : HikariPool-1 - Starting...
2023-12-27T10:23:41.687+01:00  INFO 21524 --- [restartedMain] com.zaxxer.hikari.pool.HikariPool        : HikariPool-1 - Added connection com.mysql.cj.jdbc.ConnectionImpl@222be301
2023-12-27T10:23:41.689+01:00  INFO 21524 --- [restartedMain] com.zaxxer.hikari.HikariDataSource       : HikariPool-1 - Start completed.
2023-12-27T10:23:41.724+01:00  INFO 21524 --- [restartedMain] o.hibernate.jpa.internal.util.LogHelper  : HHH000204: Processing PersistenceUnitInfo [name: default]
2023-12-27T10:23:41.765+01:00  INFO 21524 --- [restartedMain] org.hibernate.Version                    : HHH000412: Hibernate ORM core version 6.4.1.Final
2023-12-27T10:23:41.803+01:00  INFO 21524 --- [restartedMain] o.h.c.internal.RegionFactoryInitiator    : HHH000026: Second-level cache disabled
2023-12-27T10:23:42.015+01:00  INFO 21524 --- [restartedMain] o.s.o.j.p.SpringPersistenceUnitInfo      : No LoadTimeWeaver setup: ignoring JPA class transformer
2023-12-27T10:23:42.730+01:00  INFO 21524 --- [restartedMain] o.h.e.t.j.p.i.JtaPlatformInitiator       : HHH000489: No JTA platform available (set 'hibernate.transaction.jta.platform' to enable JTA platform integration)
2023-12-27T10:23:42.732+01:00  INFO 21524 --- [restartedMain] j.LocalContainerEntityManagerFactoryBean : Initialized JPA EntityManagerFactory for persistence unit 'default'
2023-12-27T10:23:42.989+01:00  WARN 21524 --- [restartedMain] JpaBaseConfiguration$JpaWebConfiguration : spring.jpa.open-in-view is enabled by default. Therefore, database queries may be performed during view rendering. Explicitly configure spring.jpa.open-in-view to disable this warning
2023-12-27T10:23:43.127+01:00  INFO 21524 --- [restartedMain] o.s.b.a.w.s.WelcomePageHandlerMapping    : Adding welcome page: class path resource [static/index.html]
2023-12-27T10:23:43.467+01:00  INFO 21524 --- [restartedMain] o.s.b.a.e.web.EndpointLinksResolver      : Exposing 2 endpoint(s) beneath base path '/actuator'
2023-12-27T10:23:43.554+01:00  INFO 21524 --- [restartedMain] o.s.s.web.DefaultSecurityFilterChain     : Will secure any request with [org.springframework.security.web.session.DisableEncodeUrlFilter@22f6948c, org.springframework.security.web.context.request.async.WebAsyncManagerIntegrationFilter@4404d2bc, org.springframework.security.web.context.SecurityContextHolderFilter@5c81f3eb, org.springframework.security.web.header.HeaderWriterFilter@5cbd477e, org.springframework.web.filter.CorsFilter@4782a78a, org.springframework.security.web.csrf.CsrfFilter@3260936c, org.springframework.security.web.authentication.logout.LogoutFilter@13e6babd, org.springframework.security.web.authentication.UsernamePasswordAuthenticationFilter@bc241a7, org.springframework.security.web.savedrequest.RequestCacheAwareFilter@60e17b1, org.springframework.security.web.servletapi.SecurityContextHolderAwareRequestFilter@193d1afa, org.springframework.security.web.authentication.AnonymousAuthenticationFilter@4b7dbb5c, org.springframework.security.web.access.ExceptionTranslationFilter@31ab5d3d, org.springframework.security.web.access.intercept.AuthorizationFilter@b43084e]
2023-12-27T10:23:44.098+01:00  INFO 21524 --- [restartedMain] o.s.b.d.a.OptionalLiveReloadServer       : LiveReload server is running on port 35729
2023-12-27T10:23:44.190+01:00  INFO 21524 --- [restartedMain] o.s.b.w.embedded.tomcat.TomcatWebServer  : Tomcat started on port 8080 (http) with context path ''
2023-12-27T10:23:44.201+01:00  INFO 21524 --- [restartedMain] c.luv2code.frontend.FrontendApplication  : Started FrontendApplication in 5.361 seconds (process running for 9.015)
2023-12-27T10:25:09.243+01:00  INFO 21524 --- [SpringApplicationShutdownHook] j.LocalContainerEntityManagerFactoryBean : Closing JPA EntityManagerFactory for persistence unit 'default'
2023-12-27T10:25:09.247+01:00  INFO 21524 --- [SpringApplicationShutdownHook] com.zaxxer.hikari.HikariDataSource       : HikariPool-1 - Shutdown initiated...
2023-12-27T10:25:09.259+01:00  INFO 21524 --- [SpringApplicationShutdownHook] com.zaxxer.hikari.HikariDataSource       : HikariPool-1 - Shutdown completed.
