2023-12-27T10:21:36.627+01:00  INFO 7820 --- [restartedMain] c.luv2code.frontend.FrontendApplication  : Starting FrontendApplication using Java 21.0.1 with PID 7820 (C:\my\corsi\dev-spring-boot\08-spring-boot-spring-mvc-security\projects\spring-boot-crud\frontend\target\classes started by gimmi.tiozzo in C:\my\corsi\dev-spring-boot\08-spring-boot-spring-mvc-security\projects\spring-boot-crud\frontend)
2023-12-27T10:21:36.629+01:00  INFO 7820 --- [restartedMain] c.luv2code.frontend.FrontendApplication  : No active profile set, falling back to 1 default profile: "default"
2023-12-27T10:21:36.669+01:00  INFO 7820 --- [restartedMain] .e.DevToolsPropertyDefaultsPostProcessor : Devtools property defaults active! Set 'spring.devtools.add-properties' to 'false' to disable
2023-12-27T10:21:36.670+01:00  INFO 7820 --- [restartedMain] .e.DevToolsPropertyDefaultsPostProcessor : For additional web related logging consider setting the 'logging.level.web' property to 'DEBUG'
2023-12-27T10:21:37.587+01:00  INFO 7820 --- [restartedMain] .s.d.r.c.RepositoryConfigurationDelegate : Bootstrapping Spring Data JPA repositories in DEFAULT mode.
2023-12-27T10:21:37.617+01:00  INFO 7820 --- [restartedMain] .s.d.r.c.RepositoryConfigurationDelegate : Finished Spring Data repository scanning in 18 ms. Found 0 JPA repository interfaces.
2023-12-27T10:21:38.482+01:00  INFO 7820 --- [restartedMain] o.s.b.w.embedded.tomcat.TomcatWebServer  : Tomcat initialized with port 8080 (http)
2023-12-27T10:21:38.499+01:00  INFO 7820 --- [restartedMain] o.apache.catalina.core.StandardService   : Starting service [Tomcat]
2023-12-27T10:21:38.500+01:00  INFO 7820 --- [restartedMain] o.apache.catalina.core.StandardEngine    : Starting Servlet engine: [Apache Tomcat/10.1.17]
2023-12-27T10:21:38.574+01:00  INFO 7820 --- [restartedMain] o.a.c.c.C.[Tomcat].[localhost].[/]       : Initializing Spring embedded WebApplicationContext
2023-12-27T10:21:38.574+01:00  INFO 7820 --- [restartedMain] w.s.c.ServletWebServerApplicationContext : Root WebApplicationContext: initialization completed in 1904 ms
2023-12-27T10:21:39.046+01:00  INFO 7820 --- [restartedMain] com.zaxxer.hikari.HikariDataSource       : HikariPool-1 - Starting...
2023-12-27T10:21:39.476+01:00  INFO 7820 --- [restartedMain] com.zaxxer.hikari.pool.HikariPool        : HikariPool-1 - Added connection com.mysql.cj.jdbc.ConnectionImpl@2c5f0b5f
2023-12-27T10:21:39.479+01:00  INFO 7820 --- [restartedMain] com.zaxxer.hikari.HikariDataSource       : HikariPool-1 - Start completed.
2023-12-27T10:21:39.535+01:00  INFO 7820 --- [restartedMain] o.hibernate.jpa.internal.util.LogHelper  : HHH000204: Processing PersistenceUnitInfo [name: default]
2023-12-27T10:21:39.618+01:00  INFO 7820 --- [restartedMain] org.hibernate.Version                    : HHH000412: Hibernate ORM core version 6.4.1.Final
2023-12-27T10:21:39.662+01:00  INFO 7820 --- [restartedMain] o.h.c.internal.RegionFactoryInitiator    : HHH000026: Second-level cache disabled
2023-12-27T10:21:39.933+01:00  INFO 7820 --- [restartedMain] o.s.o.j.p.SpringPersistenceUnitInfo      : No LoadTimeWeaver setup: ignoring JPA class transformer
2023-12-27T10:21:40.692+01:00  INFO 7820 --- [restartedMain] o.h.e.t.j.p.i.JtaPlatformInitiator       : HHH000489: No JTA platform available (set 'hibernate.transaction.jta.platform' to enable JTA platform integration)
2023-12-27T10:21:40.694+01:00  INFO 7820 --- [restartedMain] j.LocalContainerEntityManagerFactoryBean : Initialized JPA EntityManagerFactory for persistence unit 'default'
2023-12-27T10:21:40.966+01:00  WARN 7820 --- [restartedMain] JpaBaseConfiguration$JpaWebConfiguration : spring.jpa.open-in-view is enabled by default. Therefore, database queries may be performed during view rendering. Explicitly configure spring.jpa.open-in-view to disable this warning
2023-12-27T10:21:41.108+01:00  INFO 7820 --- [restartedMain] o.s.b.a.w.s.WelcomePageHandlerMapping    : Adding welcome page: class path resource [static/index.html]
2023-12-27T10:21:41.436+01:00  INFO 7820 --- [restartedMain] o.s.b.a.e.web.EndpointLinksResolver      : Exposing 2 endpoint(s) beneath base path '/actuator'
2023-12-27T10:21:41.506+01:00  INFO 7820 --- [restartedMain] o.s.s.web.DefaultSecurityFilterChain     : Will secure any request with [org.springframework.security.web.session.DisableEncodeUrlFilter@b4255f2, org.springframework.security.web.context.request.async.WebAsyncManagerIntegrationFilter@6ad5c654, org.springframework.security.web.context.SecurityContextHolderFilter@24ebb2c8, org.springframework.security.web.header.HeaderWriterFilter@31f446d9, org.springframework.web.filter.CorsFilter@4ef7345a, org.springframework.security.web.csrf.CsrfFilter@2c7dba22, org.springframework.security.web.authentication.logout.LogoutFilter@6c6333bb, org.springframework.security.web.authentication.UsernamePasswordAuthenticationFilter@3a18175a, org.springframework.security.web.savedrequest.RequestCacheAwareFilter@7b799110, org.springframework.security.web.servletapi.SecurityContextHolderAwareRequestFilter@68d31cd7, org.springframework.security.web.authentication.AnonymousAuthenticationFilter@1ef0642d, org.springframework.security.web.access.ExceptionTranslationFilter@6e9857fc, org.springframework.security.web.access.intercept.AuthorizationFilter@6e409d3a]
2023-12-27T10:21:41.998+01:00  INFO 7820 --- [restartedMain] o.s.b.d.a.OptionalLiveReloadServer       : LiveReload server is running on port 35729
2023-12-27T10:21:42.069+01:00  INFO 7820 --- [restartedMain] o.s.b.w.embedded.tomcat.TomcatWebServer  : Tomcat started on port 8080 (http) with context path ''
2023-12-27T10:21:42.081+01:00  INFO 7820 --- [restartedMain] c.luv2code.frontend.FrontendApplication  : Started FrontendApplication in 5.83 seconds (process running for 6.338)
2023-12-27T10:23:26.183+01:00  INFO 7820 --- [SpringApplicationShutdownHook] j.LocalContainerEntityManagerFactoryBean : Closing JPA EntityManagerFactory for persistence unit 'default'
2023-12-27T10:23:26.186+01:00  INFO 7820 --- [SpringApplicationShutdownHook] com.zaxxer.hikari.HikariDataSource       : HikariPool-1 - Shutdown initiated...
2023-12-27T10:23:26.200+01:00  INFO 7820 --- [SpringApplicationShutdownHook] com.zaxxer.hikari.HikariDataSource       : HikariPool-1 - Shutdown completed.
2023-12-27T10:31:38.771+01:00  INFO 16336 --- [restartedMain] c.luv2code.frontend.FrontendApplication  : Starting FrontendApplication using Java 21.0.1 with PID 16336 (C:\my\corsi\dev-spring-boot\08-spring-boot-spring-mvc-security\projects\spring-boot-crud\frontend\target\classes started by gimmi.tiozzo in C:\my\corsi\dev-spring-boot\08-spring-boot-spring-mvc-security\projects\spring-boot-crud\frontend)
2023-12-27T10:31:38.774+01:00  INFO 16336 --- [restartedMain] c.luv2code.frontend.FrontendApplication  : No active profile set, falling back to 1 default profile: "default"
2023-12-27T10:31:38.832+01:00  INFO 16336 --- [restartedMain] .e.DevToolsPropertyDefaultsPostProcessor : Devtools property defaults active! Set 'spring.devtools.add-properties' to 'false' to disable
2023-12-27T10:31:38.832+01:00  INFO 16336 --- [restartedMain] .e.DevToolsPropertyDefaultsPostProcessor : For additional web related logging consider setting the 'logging.level.web' property to 'DEBUG'
2023-12-27T10:31:40.096+01:00  INFO 16336 --- [restartedMain] .s.d.r.c.RepositoryConfigurationDelegate : Bootstrapping Spring Data JPA repositories in DEFAULT mode.
2023-12-27T10:31:40.128+01:00  INFO 16336 --- [restartedMain] .s.d.r.c.RepositoryConfigurationDelegate : Finished Spring Data repository scanning in 23 ms. Found 0 JPA repository interfaces.
2023-12-27T10:31:41.389+01:00  INFO 16336 --- [restartedMain] o.s.b.w.embedded.tomcat.TomcatWebServer  : Tomcat initialized with port 8080 (http)
2023-12-27T10:31:41.412+01:00  INFO 16336 --- [restartedMain] o.apache.catalina.core.StandardService   : Starting service [Tomcat]
2023-12-27T10:31:41.413+01:00  INFO 16336 --- [restartedMain] o.apache.catalina.core.StandardEngine    : Starting Servlet engine: [Apache Tomcat/10.1.17]
2023-12-27T10:31:41.496+01:00  INFO 16336 --- [restartedMain] o.a.c.c.C.[Tomcat].[localhost].[/]       : Initializing Spring embedded WebApplicationContext
2023-12-27T10:31:41.497+01:00  INFO 16336 --- [restartedMain] w.s.c.ServletWebServerApplicationContext : Root WebApplicationContext: initialization completed in 2664 ms
2023-12-27T10:31:42.150+01:00  INFO 16336 --- [restartedMain] com.zaxxer.hikari.HikariDataSource       : HikariPool-1 - Starting...
2023-12-27T10:31:42.658+01:00  INFO 16336 --- [restartedMain] com.zaxxer.hikari.pool.HikariPool        : HikariPool-1 - Added connection com.mysql.cj.jdbc.ConnectionImpl@2cd4a5a
2023-12-27T10:31:42.660+01:00  INFO 16336 --- [restartedMain] com.zaxxer.hikari.HikariDataSource       : HikariPool-1 - Start completed.
2023-12-27T10:31:42.709+01:00  INFO 16336 --- [restartedMain] o.hibernate.jpa.internal.util.LogHelper  : HHH000204: Processing PersistenceUnitInfo [name: default]
2023-12-27T10:31:42.774+01:00  INFO 16336 --- [restartedMain] org.hibernate.Version                    : HHH000412: Hibernate ORM core version 6.4.1.Final
2023-12-27T10:31:42.821+01:00  INFO 16336 --- [restartedMain] o.h.c.internal.RegionFactoryInitiator    : HHH000026: Second-level cache disabled
2023-12-27T10:31:43.047+01:00  INFO 16336 --- [restartedMain] o.s.o.j.p.SpringPersistenceUnitInfo      : No LoadTimeWeaver setup: ignoring JPA class transformer
2023-12-27T10:31:43.881+01:00  INFO 16336 --- [restartedMain] o.h.e.t.j.p.i.JtaPlatformInitiator       : HHH000489: No JTA platform available (set 'hibernate.transaction.jta.platform' to enable JTA platform integration)
2023-12-27T10:31:43.887+01:00  INFO 16336 --- [restartedMain] j.LocalContainerEntityManagerFactoryBean : Initialized JPA EntityManagerFactory for persistence unit 'default'
2023-12-27T10:31:44.199+01:00  WARN 16336 --- [restartedMain] JpaBaseConfiguration$JpaWebConfiguration : spring.jpa.open-in-view is enabled by default. Therefore, database queries may be performed during view rendering. Explicitly configure spring.jpa.open-in-view to disable this warning
2023-12-27T10:31:44.380+01:00  INFO 16336 --- [restartedMain] o.s.b.a.w.s.WelcomePageHandlerMapping    : Adding welcome page: class path resource [static/index.html]
2023-12-27T10:31:44.857+01:00  INFO 16336 --- [restartedMain] o.s.b.a.e.web.EndpointLinksResolver      : Exposing 2 endpoint(s) beneath base path '/actuator'
2023-12-27T10:31:44.975+01:00  INFO 16336 --- [restartedMain] o.s.s.web.DefaultSecurityFilterChain     : Will secure any request with [org.springframework.security.web.session.DisableEncodeUrlFilter@612cd6d3, org.springframework.security.web.context.request.async.WebAsyncManagerIntegrationFilter@fbd0c54, org.springframework.security.web.context.SecurityContextHolderFilter@70ed749d, org.springframework.security.web.header.HeaderWriterFilter@3f1aad36, org.springframework.web.filter.CorsFilter@5548ed0c, org.springframework.security.web.csrf.CsrfFilter@3c57757b, org.springframework.security.web.authentication.logout.LogoutFilter@3282c45d, org.springframework.security.web.authentication.UsernamePasswordAuthenticationFilter@624050d4, org.springframework.security.web.savedrequest.RequestCacheAwareFilter@5cdeab0, org.springframework.security.web.servletapi.SecurityContextHolderAwareRequestFilter@69c0f433, org.springframework.security.web.authentication.AnonymousAuthenticationFilter@438745c8, org.springframework.security.web.access.ExceptionTranslationFilter@3a726877, org.springframework.security.web.access.intercept.AuthorizationFilter@1dc7317d]
2023-12-27T10:31:45.648+01:00  INFO 16336 --- [restartedMain] o.s.b.d.a.OptionalLiveReloadServer       : LiveReload server is running on port 35729
2023-12-27T10:31:45.753+01:00  INFO 16336 --- [restartedMain] o.s.b.w.embedded.tomcat.TomcatWebServer  : Tomcat started on port 8080 (http) with context path ''
2023-12-27T10:31:45.772+01:00  INFO 16336 --- [restartedMain] c.luv2code.frontend.FrontendApplication  : Started FrontendApplication in 7.417 seconds (process running for 7.976)
2023-12-27T10:33:02.138+01:00  INFO 16336 --- [SpringApplicationShutdownHook] j.LocalContainerEntityManagerFactoryBean : Closing JPA EntityManagerFactory for persistence unit 'default'
2023-12-27T10:33:02.143+01:00  INFO 16336 --- [SpringApplicationShutdownHook] com.zaxxer.hikari.HikariDataSource       : HikariPool-1 - Shutdown initiated...
2023-12-27T10:33:02.160+01:00  INFO 16336 --- [SpringApplicationShutdownHook] com.zaxxer.hikari.HikariDataSource       : HikariPool-1 - Shutdown completed.
2023-12-27T10:33:04.149+01:00  INFO 5236 --- [restartedMain] c.luv2code.frontend.FrontendApplication  : Starting FrontendApplication using Java 21.0.1 with PID 5236 (C:\my\corsi\dev-spring-boot\08-spring-boot-spring-mvc-security\projects\spring-boot-crud\frontend\target\classes started by gimmi.tiozzo in C:\my\corsi\dev-spring-boot\08-spring-boot-spring-mvc-security\projects\spring-boot-crud\frontend)
2023-12-27T10:33:04.151+01:00  INFO 5236 --- [restartedMain] c.luv2code.frontend.FrontendApplication  : No active profile set, falling back to 1 default profile: "default"
2023-12-27T10:33:04.191+01:00  INFO 5236 --- [restartedMain] .e.DevToolsPropertyDefaultsPostProcessor : Devtools property defaults active! Set 'spring.devtools.add-properties' to 'false' to disable
2023-12-27T10:33:04.192+01:00  INFO 5236 --- [restartedMain] .e.DevToolsPropertyDefaultsPostProcessor : For additional web related logging consider setting the 'logging.level.web' property to 'DEBUG'
2023-12-27T10:33:05.115+01:00  INFO 5236 --- [restartedMain] .s.d.r.c.RepositoryConfigurationDelegate : Bootstrapping Spring Data JPA repositories in DEFAULT mode.
2023-12-27T10:33:05.145+01:00  INFO 5236 --- [restartedMain] .s.d.r.c.RepositoryConfigurationDelegate : Finished Spring Data repository scanning in 22 ms. Found 0 JPA repository interfaces.
2023-12-27T10:33:06.110+01:00  INFO 5236 --- [restartedMain] o.s.b.w.embedded.tomcat.TomcatWebServer  : Tomcat initialized with port 8080 (http)
2023-12-27T10:33:06.124+01:00  INFO 5236 --- [restartedMain] o.apache.catalina.core.StandardService   : Starting service [Tomcat]
2023-12-27T10:33:06.125+01:00  INFO 5236 --- [restartedMain] o.apache.catalina.core.StandardEngine    : Starting Servlet engine: [Apache Tomcat/10.1.17]
2023-12-27T10:33:06.187+01:00  INFO 5236 --- [restartedMain] o.a.c.c.C.[Tomcat].[localhost].[/]       : Initializing Spring embedded WebApplicationContext
2023-12-27T10:33:06.188+01:00  INFO 5236 --- [restartedMain] w.s.c.ServletWebServerApplicationContext : Root WebApplicationContext: initialization completed in 1996 ms
2023-12-27T10:33:06.645+01:00  INFO 5236 --- [restartedMain] com.zaxxer.hikari.HikariDataSource       : HikariPool-1 - Starting...
2023-12-27T10:33:06.942+01:00  INFO 5236 --- [restartedMain] com.zaxxer.hikari.pool.HikariPool        : HikariPool-1 - Added connection com.mysql.cj.jdbc.ConnectionImpl@6a9fe6f5
2023-12-27T10:33:06.944+01:00  INFO 5236 --- [restartedMain] com.zaxxer.hikari.HikariDataSource       : HikariPool-1 - Start completed.
2023-12-27T10:33:06.981+01:00  INFO 5236 --- [restartedMain] o.hibernate.jpa.internal.util.LogHelper  : HHH000204: Processing PersistenceUnitInfo [name: default]
2023-12-27T10:33:07.030+01:00  INFO 5236 --- [restartedMain] org.hibernate.Version                    : HHH000412: Hibernate ORM core version 6.4.1.Final
2023-12-27T10:33:07.064+01:00  INFO 5236 --- [restartedMain] o.h.c.internal.RegionFactoryInitiator    : HHH000026: Second-level cache disabled
2023-12-27T10:33:07.266+01:00  INFO 5236 --- [restartedMain] o.s.o.j.p.SpringPersistenceUnitInfo      : No LoadTimeWeaver setup: ignoring JPA class transformer
2023-12-27T10:33:07.981+01:00  INFO 5236 --- [restartedMain] o.h.e.t.j.p.i.JtaPlatformInitiator       : HHH000489: No JTA platform available (set 'hibernate.transaction.jta.platform' to enable JTA platform integration)
2023-12-27T10:33:07.984+01:00  INFO 5236 --- [restartedMain] j.LocalContainerEntityManagerFactoryBean : Initialized JPA EntityManagerFactory for persistence unit 'default'
2023-12-27T10:33:08.261+01:00  WARN 5236 --- [restartedMain] JpaBaseConfiguration$JpaWebConfiguration : spring.jpa.open-in-view is enabled by default. Therefore, database queries may be performed during view rendering. Explicitly configure spring.jpa.open-in-view to disable this warning
2023-12-27T10:33:08.424+01:00  INFO 5236 --- [restartedMain] o.s.b.a.w.s.WelcomePageHandlerMapping    : Adding welcome page: class path resource [static/index.html]
2023-12-27T10:33:08.765+01:00  INFO 5236 --- [restartedMain] o.s.b.a.e.web.EndpointLinksResolver      : Exposing 2 endpoint(s) beneath base path '/actuator'
2023-12-27T10:33:08.856+01:00  INFO 5236 --- [restartedMain] o.s.s.web.DefaultSecurityFilterChain     : Will secure any request with [org.springframework.security.web.session.DisableEncodeUrlFilter@d116763, org.springframework.security.web.context.request.async.WebAsyncManagerIntegrationFilter@2088e706, org.springframework.security.web.context.SecurityContextHolderFilter@12bf0285, org.springframework.security.web.header.HeaderWriterFilter@7b547ebf, org.springframework.web.filter.CorsFilter@58823995, org.springframework.security.web.csrf.CsrfFilter@79b8f4f, org.springframework.security.web.authentication.logout.LogoutFilter@51508538, org.springframework.security.web.authentication.UsernamePasswordAuthenticationFilter@1c0892ba, org.springframework.security.web.savedrequest.RequestCacheAwareFilter@78c43a12, org.springframework.security.web.servletapi.SecurityContextHolderAwareRequestFilter@4c291581, org.springframework.security.web.authentication.AnonymousAuthenticationFilter@9fb808, org.springframework.security.web.access.ExceptionTranslationFilter@71b8cf13, org.springframework.security.web.access.intercept.AuthorizationFilter@474995b9]
2023-12-27T10:33:09.412+01:00  INFO 5236 --- [restartedMain] o.s.b.d.a.OptionalLiveReloadServer       : LiveReload server is running on port 35729
2023-12-27T10:33:09.484+01:00  INFO 5236 --- [restartedMain] o.s.b.w.embedded.tomcat.TomcatWebServer  : Tomcat started on port 8080 (http) with context path ''
2023-12-27T10:33:09.497+01:00  INFO 5236 --- [restartedMain] c.luv2code.frontend.FrontendApplication  : Started FrontendApplication in 5.727 seconds (process running for 6.235)
2023-12-27T10:33:42.000+01:00  INFO 5236 --- [SpringApplicationShutdownHook] j.LocalContainerEntityManagerFactoryBean : Closing JPA EntityManagerFactory for persistence unit 'default'
2023-12-27T10:33:42.003+01:00  INFO 5236 --- [SpringApplicationShutdownHook] com.zaxxer.hikari.HikariDataSource       : HikariPool-1 - Shutdown initiated...
2023-12-27T10:33:42.017+01:00  INFO 5236 --- [SpringApplicationShutdownHook] com.zaxxer.hikari.HikariDataSource       : HikariPool-1 - Shutdown completed.
